<?xml version="1.0" encoding="UTF-8"?>
<!-- Generated by org.testng.reporters.JUnitReportReporter -->
<testsuite hostname="DESKTOP-TQGQQ7O" failures="0" tests="1" name="Mobile_testing.Mobile_capability" time="9.040" errors="0" timestamp="2022-06-30T21:02:03 IST" skipped="0">
  <testcase classname="Mobile_testing.Mobile_capability" name="calculted" time="9.040"/>
  <system-out/>
</testsuite> <!-- Mobile_testing.Mobile_capability -->
